2025-02-22 15:57:27,374 - httpx - INFO - HTTP Request: GET https://sdw-wsrest.ecb.europa.eu/service/data/EXR/D.USD.EUR.SP00.A?startPeriod=2025-02-22&endPeriod=2025-02-22&format=jsondata&detail=dataonly&updatedAfter=2000-01-01 "HTTP/1.1 302 Moved Temporarily"
2025-02-22 15:57:28,152 - httpx - INFO - HTTP Request: GET https://data-api.ecb.europa.eu/service/data/EXR/D.USD.EUR.SP00.A?startPeriod=2025-02-22&endPeriod=2025-02-22&format=jsondata&detail=dataonly&updatedAfter=2000-01-01 "HTTP/1.1 200 "
2025-02-22 16:02:58,038 - httpx - INFO - HTTP Request: GET https://sdw-wsrest.ecb.europa.eu/service/data/EXR/D.USD.EUR.SP00.A?startPeriod=2025-02-22&endPeriod=2025-02-22&format=jsondata&detail=dataonly&updatedAfter=2000-01-01 "HTTP/1.1 302 Moved Temporarily"
2025-02-22 16:02:58,155 - httpx - INFO - HTTP Request: GET https://data-api.ecb.europa.eu/service/data/EXR/D.USD.EUR.SP00.A?startPeriod=2025-02-22&endPeriod=2025-02-22&format=jsondata&detail=dataonly&updatedAfter=2000-01-01 "HTTP/1.1 200 "
2025-02-23 10:27:38,415 - app.main - INFO - Running application startup tasks...
2025-02-23 10:27:38,440 - app.core.startup - INFO - Running startup checks for missing updates...
2025-02-23 10:27:38,774 - app.core.startup - INFO - Found 3 days of missing exchange rates. Triggering catch-up update...
2025-02-23 10:27:39,038 - app.core.startup - ERROR - Error during startup checks: type object 'ETF' has no attribute 'is_active'
2025-02-23 10:27:39,045 - app.main - INFO - Startup tasks completed
2025-02-23 10:28:10,687 - app.main - INFO - Running application startup tasks...
2025-02-23 10:28:10,709 - app.core.startup - INFO - Running startup checks for missing updates...
2025-02-23 10:28:10,993 - app.core.startup - INFO - Found 3 days of missing exchange rates. Triggering catch-up update...
2025-02-23 10:28:11,128 - app.core.startup - ERROR - Error during startup checks: type object 'ETF' has no attribute 'is_active'
2025-02-23 10:28:11,132 - app.main - INFO - Startup tasks completed
2025-02-23 10:28:23,086 - app.main - INFO - Running application startup tasks...
2025-02-23 10:28:23,109 - app.core.startup - INFO - Running startup checks for missing updates...
2025-02-23 10:28:23,458 - app.core.startup - INFO - Found 3 days of missing exchange rates. Triggering catch-up update...
2025-02-23 10:28:23,660 - app.core.startup - ERROR - Error during startup checks: type object 'ETF' has no attribute 'is_active'
2025-02-23 10:28:23,666 - app.main - INFO - Startup tasks completed
2025-02-23 10:30:50,042 - app.main - INFO - Running application startup tasks...
2025-02-23 10:30:50,080 - app.core.startup - INFO - Running startup checks for missing updates...
2025-02-23 10:30:50,468 - app.core.startup - INFO - Latest exchange rate is from 2025-02-20 (3 days old). Triggering catch-up update...
2025-02-23 10:30:50,701 - app.core.startup - ERROR - Error during startup checks: type object 'ETF' has no attribute 'is_active'
2025-02-23 10:30:50,714 - app.main - INFO - Startup tasks completed
2025-02-23 10:31:24,254 - app.main - INFO - Running application startup tasks...
2025-02-23 10:31:24,292 - app.core.startup - INFO - Running startup checks for missing updates...
2025-02-23 10:31:24,765 - app.core.startup - INFO - Latest exchange rate is from 2025-02-20 (3 days old). Triggering catch-up update...
2025-02-23 10:31:24,930 - app.core.startup - ERROR - Error during startup checks: type object 'ETF' has no attribute 'is_active'
2025-02-23 10:31:24,944 - app.main - INFO - Startup tasks completed
2025-02-23 10:34:56,547 - app.main - INFO - Running application startup tasks...
2025-02-23 10:34:56,586 - app.core.startup - INFO - Running startup checks for missing updates...
2025-02-23 10:34:59,312 - app.core.startup - INFO - Latest exchange rate is from 2025-02-20 (3 days old). Triggering catch-up update...
2025-02-23 10:34:59,830 - app.core.startup - ERROR - Error during startup checks: type object 'ETF' has no attribute 'is_active'
2025-02-23 10:34:59,857 - app.main - INFO - Startup tasks completed
2025-02-23 10:35:16,184 - app.main - INFO - Running application startup tasks...
2025-02-23 10:35:16,208 - app.core.startup - INFO - Running startup checks for missing updates...
2025-02-23 10:35:16,523 - app.core.startup - ERROR - Error during startup checks: (psycopg2.errors.UndefinedTable) relation "daily_update_tracking" does not exist
LINE 2: FROM daily_update_tracking 
             ^

[SQL: SELECT daily_update_tracking.date AS daily_update_tracking_date, daily_update_tracking.update_type AS daily_update_tracking_update_type, daily_update_tracking.attempted AS daily_update_tracking_attempted, daily_update_tracking.data_found AS daily_update_tracking_data_found, daily_update_tracking.notes AS daily_update_tracking_notes 
FROM daily_update_tracking 
WHERE daily_update_tracking.date = %(date_1)s AND daily_update_tracking.update_type = %(update_type_1)s 
 LIMIT %(param_1)s]
[parameters: {'date_1': datetime.date(2025, 2, 23), 'update_type_1': 'exchange_rates', 'param_1': 1}]
(Background on this error at: https://sqlalche.me/e/20/f405)
2025-02-23 10:35:16,527 - app.main - INFO - Startup tasks completed
2025-02-23 10:35:26,189 - app.main - INFO - Running application startup tasks...
2025-02-23 10:35:26,212 - app.core.startup - INFO - Running startup checks for missing updates...
2025-02-23 10:35:26,540 - app.core.startup - ERROR - Error during startup checks: (psycopg2.errors.UndefinedTable) relation "daily_update_tracking" does not exist
LINE 2: FROM daily_update_tracking 
             ^

[SQL: SELECT daily_update_tracking.date AS daily_update_tracking_date, daily_update_tracking.update_type AS daily_update_tracking_update_type, daily_update_tracking.attempted AS daily_update_tracking_attempted, daily_update_tracking.data_found AS daily_update_tracking_data_found, daily_update_tracking.notes AS daily_update_tracking_notes 
FROM daily_update_tracking 
WHERE daily_update_tracking.date = %(date_1)s AND daily_update_tracking.update_type = %(update_type_1)s 
 LIMIT %(param_1)s]
[parameters: {'date_1': datetime.date(2025, 2, 23), 'update_type_1': 'exchange_rates', 'param_1': 1}]
(Background on this error at: https://sqlalche.me/e/20/f405)
2025-02-23 10:35:26,544 - app.main - INFO - Startup tasks completed
2025-02-23 10:37:41,501 - app.main - INFO - Running application startup tasks...
2025-02-23 10:37:41,531 - app.core.startup - INFO - Running startup checks for missing updates...
2025-02-23 10:37:41,994 - app.core.startup - ERROR - Error during startup checks: (psycopg2.errors.UndefinedTable) relation "daily_update_tracking" does not exist
LINE 2: FROM daily_update_tracking 
             ^

[SQL: SELECT daily_update_tracking.date AS daily_update_tracking_date, daily_update_tracking.update_type AS daily_update_tracking_update_type, daily_update_tracking.attempted AS daily_update_tracking_attempted, daily_update_tracking.data_found AS daily_update_tracking_data_found, daily_update_tracking.notes AS daily_update_tracking_notes 
FROM daily_update_tracking 
WHERE daily_update_tracking.date = %(date_1)s AND daily_update_tracking.update_type = %(update_type_1)s 
 LIMIT %(param_1)s]
[parameters: {'date_1': datetime.date(2025, 2, 23), 'update_type_1': 'exchange_rates', 'param_1': 1}]
(Background on this error at: https://sqlalche.me/e/20/f405)
2025-02-23 10:37:41,999 - app.main - INFO - Startup tasks completed
2025-02-23 10:37:52,606 - app.main - INFO - Running application startup tasks...
2025-02-23 10:37:52,631 - app.core.startup - INFO - Running startup checks for missing updates...
2025-02-23 10:37:52,962 - app.core.startup - ERROR - Error during startup checks: (psycopg2.errors.UndefinedTable) relation "daily_update_tracking" does not exist
LINE 2: FROM daily_update_tracking 
             ^

[SQL: SELECT daily_update_tracking.date AS daily_update_tracking_date, daily_update_tracking.update_type AS daily_update_tracking_update_type, daily_update_tracking.attempted AS daily_update_tracking_attempted, daily_update_tracking.data_found AS daily_update_tracking_data_found, daily_update_tracking.notes AS daily_update_tracking_notes 
FROM daily_update_tracking 
WHERE daily_update_tracking.date = %(date_1)s AND daily_update_tracking.update_type = %(update_type_1)s 
 LIMIT %(param_1)s]
[parameters: {'date_1': datetime.date(2025, 2, 23), 'update_type_1': 'exchange_rates', 'param_1': 1}]
(Background on this error at: https://sqlalche.me/e/20/f405)
2025-02-23 10:37:52,965 - app.main - INFO - Startup tasks completed
2025-02-23 10:38:06,900 - app.main - INFO - Running application startup tasks...
2025-02-23 10:38:06,984 - app.core.startup - INFO - Running startup checks for missing updates...
2025-02-23 10:38:07,550 - app.core.startup - ERROR - Error during startup checks: (psycopg2.errors.UndefinedTable) relation "daily_update_tracking" does not exist
LINE 2: FROM daily_update_tracking 
             ^

[SQL: SELECT daily_update_tracking.date AS daily_update_tracking_date, daily_update_tracking.update_type AS daily_update_tracking_update_type, daily_update_tracking.attempted AS daily_update_tracking_attempted, daily_update_tracking.data_found AS daily_update_tracking_data_found, daily_update_tracking.notes AS daily_update_tracking_notes 
FROM daily_update_tracking 
WHERE daily_update_tracking.date = %(date_1)s AND daily_update_tracking.update_type = %(update_type_1)s 
 LIMIT %(param_1)s]
[parameters: {'date_1': datetime.date(2025, 2, 23), 'update_type_1': 'exchange_rates', 'param_1': 1}]
(Background on this error at: https://sqlalche.me/e/20/f405)
2025-02-23 10:38:07,558 - app.main - INFO - Startup tasks completed
2025-02-23 10:38:47,945 - app.main - INFO - Running application startup tasks...
2025-02-23 10:38:47,999 - app.core.startup - INFO - Running startup checks for missing updates...
2025-02-23 10:38:48,386 - app.core.startup - INFO - Exchange rates are up to date or update already attempted today (latest: 2025-02-20)
2025-02-23 10:38:48,387 - app.core.startup - ERROR - Error during startup checks: type object 'ETF' has no attribute 'is_active'
2025-02-23 10:38:48,391 - app.main - INFO - Startup tasks completed
2025-02-23 10:40:39,174 - app.main - INFO - Running application startup tasks...
2025-02-23 10:40:39,195 - app.core.startup - INFO - Running startup checks for missing updates...
2025-02-23 10:40:39,473 - app.core.startup - INFO - Exchange rates are up to date or update already attempted today (latest: 2025-02-20)
2025-02-23 10:40:39,485 - app.core.startup - ERROR - Error during startup checks: (psycopg2.errors.UndefinedColumn) column etfs.is_active does not exist
LINE 1: ...lity_30d, etfs.sharpe_ratio AS etfs_sharpe_ratio, etfs.is_ac...
                                                             ^

[SQL: SELECT etfs.id AS etfs_id, etfs.isin AS etfs_isin, etfs.symbol AS etfs_symbol, etfs.name AS etfs_name, etfs.currency AS etfs_currency, etfs.asset_class AS etfs_asset_class, etfs.domicile AS etfs_domicile, etfs.inception_date AS etfs_inception_date, etfs.fund_size AS etfs_fund_size, etfs.ter AS etfs_ter, etfs.distribution_policy AS etfs_distribution_policy, etfs.last_price AS etfs_last_price, etfs.last_update AS etfs_last_update, etfs.ytd_return AS etfs_ytd_return, etfs.one_year_return AS etfs_one_year_return, etfs.volatility_30d AS etfs_volatility_30d, etfs.sharpe_ratio AS etfs_sharpe_ratio, etfs.is_active AS etfs_is_active 
FROM etfs 
WHERE etfs.is_active = true]
(Background on this error at: https://sqlalche.me/e/20/f405)
2025-02-23 10:40:39,488 - app.main - INFO - Startup tasks completed
2025-02-23 10:40:49,071 - app.main - INFO - Running application startup tasks...
2025-02-23 10:40:49,094 - app.core.startup - INFO - Running startup checks for missing updates...
2025-02-23 10:40:49,365 - app.core.startup - INFO - Exchange rates are up to date or update already attempted today (latest: 2025-02-20)
2025-02-23 10:40:49,367 - app.core.startup - ERROR - Error during startup checks: type object 'ETF' has no attribute 'is_active'
2025-02-23 10:40:49,372 - app.main - INFO - Startup tasks completed
2025-02-23 10:42:20,563 - app.main - INFO - Running application startup tasks...
2025-02-23 10:42:20,583 - app.core.startup - INFO - Running startup checks for missing updates...
2025-02-23 10:42:20,840 - app.core.startup - INFO - Exchange rates are up to date or update already attempted today (latest: 2025-02-20)
2025-02-23 10:42:20,867 - app.core.startup - INFO - Prices for ETF WLDL.L are up to date or update already attempted today (latest: 2025-02-21)
2025-02-23 10:42:20,877 - app.main - INFO - Startup tasks completed
2025-02-23 10:42:30,389 - app.main - INFO - Running application startup tasks...
2025-02-23 10:42:30,410 - app.core.startup - INFO - Running startup checks for missing updates...
2025-02-23 10:42:30,679 - app.core.startup - INFO - Exchange rates are up to date or update already attempted today (latest: 2025-02-20)
2025-02-23 10:42:30,707 - app.core.startup - INFO - Prices for ETF WLDL.L are up to date or update already attempted today (latest: 2025-02-21)
2025-02-23 10:42:30,718 - app.main - INFO - Startup tasks completed
2025-02-23 10:44:37,066 - app.main - INFO - Running application startup tasks...
2025-02-23 10:44:37,103 - app.core.startup - INFO - Running startup checks for missing updates...
2025-02-23 10:44:37,610 - app.core.startup - INFO - Exchange rates are up to date or update already attempted today (latest: 2025-02-20)
2025-02-23 10:44:37,677 - app.core.startup - INFO - Prices for ETF WLDL.L are up to date or update already attempted today (latest: 2025-02-21)
2025-02-23 10:44:37,703 - app.main - INFO - Startup tasks completed
2025-02-23 10:44:49,203 - app.main - INFO - Running application startup tasks...
2025-02-23 10:44:49,227 - app.core.startup - INFO - Running startup checks for missing updates...
2025-02-23 10:44:49,615 - app.core.startup - INFO - Exchange rates are up to date or update already attempted today (latest: 2025-02-20)
2025-02-23 10:44:49,675 - app.core.startup - INFO - Prices for ETF WLDL.L are up to date or update already attempted today (latest: 2025-02-21)
2025-02-23 10:44:49,701 - app.main - INFO - Startup tasks completed
2025-02-23 10:47:05,185 - app.main - INFO - Running application startup tasks...
2025-02-23 10:47:05,221 - app.core.startup - INFO - Running startup checks for missing updates...
2025-02-23 10:47:05,660 - app.core.startup - INFO - Latest exchange rate is from 2025-02-20. Weekend - no update needed
2025-02-23 10:47:05,722 - app.core.startup - INFO - Latest price for ETF WLDL.L is from 2025-02-21. Weekend - no update needed
2025-02-23 10:47:05,765 - app.main - INFO - Startup tasks completed
2025-02-23 10:47:22,699 - app.main - INFO - Running application startup tasks...
2025-02-23 10:47:22,721 - app.core.startup - INFO - Running startup checks for missing updates...
2025-02-23 10:47:23,146 - app.core.startup - INFO - Latest exchange rate is from 2025-02-20. Weekend - no update needed
2025-02-23 10:47:23,281 - app.core.startup - INFO - Latest price for ETF WLDL.L is from 2025-02-21. Weekend - no update needed
2025-02-23 10:47:23,343 - app.main - INFO - Startup tasks completed
2025-02-23 10:47:57,961 - app.main - INFO - Running application startup tasks...
2025-02-23 10:47:58,008 - app.core.startup - INFO - Running startup checks for missing updates...
2025-02-23 10:47:58,514 - app.core.startup - INFO - Latest exchange rate is from 2025-02-20. Weekend - no update needed
2025-02-23 10:47:58,598 - app.core.startup - INFO - Latest price for ETF WLDL.L is from 2025-02-21. Weekend - no update needed
2025-02-23 10:47:58,625 - app.main - INFO - Startup tasks completed
2025-02-23 11:19:23,736 - app.main - INFO - Running application startup tasks...
2025-02-23 11:19:23,759 - app.core.startup - INFO - Running startup checks for missing updates...
2025-02-23 11:19:24,083 - app.core.startup - INFO - Latest exchange rate is from 2025-02-20. Weekend - no update needed
2025-02-23 11:19:24,129 - app.core.startup - INFO - Latest price for ETF WLDL.L is from 2025-02-21. Weekend - no update needed
2025-02-23 11:19:24,149 - app.main - INFO - Startup tasks completed
2025-02-23 11:19:33,855 - app.main - INFO - Running application startup tasks...
2025-02-23 11:19:33,885 - app.core.startup - INFO - Running startup checks for missing updates...
2025-02-23 11:19:34,220 - app.core.startup - INFO - Latest exchange rate is from 2025-02-20. Weekend - no update needed
2025-02-23 11:19:34,267 - app.core.startup - INFO - Latest price for ETF WLDL.L is from 2025-02-21. Weekend - no update needed
2025-02-23 11:19:34,288 - app.main - INFO - Startup tasks completed
2025-02-23 11:20:18,109 - app.main - INFO - Running application startup tasks...
2025-02-23 11:20:18,169 - app.core.startup - INFO - Running startup checks for missing updates...
2025-02-23 11:20:18,685 - app.core.startup - INFO - Latest exchange rate is from 2025-02-20. Weekend - no update needed
2025-02-23 11:20:18,748 - app.core.startup - INFO - Latest price for ETF WLDL.L is from 2025-02-21. Weekend - no update needed
2025-02-23 11:20:18,789 - app.main - INFO - Startup tasks completed
2025-02-23 11:24:34,594 - app.main - INFO - Running application startup tasks...
2025-02-23 11:24:34,620 - app.core.startup - INFO - Running startup checks for missing updates...
2025-02-23 11:24:34,927 - app.core.startup - INFO - Latest exchange rate is from 2025-02-20. Weekend - no update needed
2025-02-23 11:24:35,031 - app.core.startup - INFO - Latest price for ETF WLDL.L is from 2025-02-21. Weekend - no update needed
2025-02-23 11:24:35,051 - app.main - INFO - Startup tasks completed
2025-02-23 11:25:46,220 - app.main - INFO - Running application startup tasks...
2025-02-23 11:25:46,264 - app.core.startup - INFO - Running startup checks for missing updates...
2025-02-23 11:25:46,662 - app.core.startup - INFO - Latest exchange rate is from 2025-02-20. Weekend - no update needed
2025-02-23 11:25:46,712 - app.core.startup - INFO - Latest price for ETF WLDL.L is from 2025-02-21. Weekend - no update needed
2025-02-23 11:25:46,738 - app.main - INFO - Startup tasks completed
2025-02-23 11:27:19,871 - app.main - INFO - Running application startup tasks...
2025-02-23 11:27:19,901 - app.core.startup - INFO - Running startup checks for missing updates...
2025-02-23 11:27:20,432 - app.core.startup - INFO - Latest exchange rate is from 2025-02-20. Weekend - no update needed
2025-02-23 11:27:20,485 - app.core.startup - INFO - Latest price for ETF WLDL.L is from 2025-02-21. Weekend - no update needed
2025-02-23 11:27:20,501 - app.main - INFO - Startup tasks completed
2025-02-23 11:27:39,597 - app.main - INFO - Running application startup tasks...
2025-02-23 11:27:39,625 - app.core.startup - INFO - Running startup checks for missing updates...
2025-02-23 11:27:40,112 - app.core.startup - INFO - Latest exchange rate is from 2025-02-20. Weekend - no update needed
2025-02-23 11:27:40,191 - app.core.startup - INFO - Latest price for ETF WLDL.L is from 2025-02-21. Weekend - no update needed
2025-02-23 11:27:40,220 - app.main - INFO - Startup tasks completed
2025-02-23 11:29:24,712 - app.main - INFO - Running application startup tasks...
2025-02-23 11:29:24,738 - app.core.startup - INFO - Running startup checks for missing updates...
2025-02-23 11:29:25,110 - app.core.startup - INFO - Latest exchange rate is from 2025-02-20. Weekend - no update needed
2025-02-23 11:29:25,176 - app.core.startup - INFO - Latest price for ETF WLDL.L is from 2025-02-21. Weekend - no update needed
2025-02-23 11:29:25,203 - app.main - INFO - Startup tasks completed
2025-02-23 11:31:49,019 - app.main - INFO - Running application startup tasks...
2025-02-23 11:31:49,041 - app.core.startup - INFO - Running startup checks for missing updates...
2025-02-23 11:31:49,385 - app.core.startup - INFO - Latest exchange rate is from 2025-02-20. Weekend - no update needed
2025-02-23 11:31:49,430 - app.core.startup - INFO - Latest price for ETF WLDL.L is from 2025-02-21. Weekend - no update needed
2025-02-23 11:31:49,452 - app.main - INFO - Startup tasks completed
2025-02-23 11:31:59,863 - app.main - INFO - Running application startup tasks...
2025-02-23 11:31:59,884 - app.core.startup - INFO - Running startup checks for missing updates...
2025-02-23 11:32:00,323 - app.core.startup - INFO - Latest exchange rate is from 2025-02-20. Weekend - no update needed
2025-02-23 11:32:00,375 - app.core.startup - INFO - Latest price for ETF WLDL.L is from 2025-02-21. Weekend - no update needed
2025-02-23 11:32:00,395 - app.main - INFO - Startup tasks completed
